project2/Temp/gradleOut/launcher/build/intermediates/manifest_merge_blame_file/release/manifest-merger-blame-release-report.txt
1<?xml version="1.0" encoding="utf-8"?>
2<!-- GENERATED BY UNITY. REMOVE THIS COMMENT TO PREVENT OVERWRITING WHEN EXPORTING AGAIN -->
3<manifest xmlns:android="http://schemas.android.com/apk/res/android"
4    package="com.Boxjump.Boxjump"
5    android:installLocation="preferExternal"
6    android:versionCode="6"
7    android:versionName="6" >
8
9    <uses-sdk
10        android:minSdkVersion="19"
10-->src\main\AndroidManifest.xml
11        android:targetSdkVersion="30" />
11-->src\main\AndroidManifest.xml
12
13    <supports-screens
13-->src\main\AndroidManifest.xml:4:3-163
14        android:anyDensity="true"
14-->src\main\AndroidManifest.xml:4:135-160
15        android:largeScreens="true"
15-->src\main\AndroidManifest.xml:4:78-105
16        android:normalScreens="true"
16-->src\main\AndroidManifest.xml:4:49-77
17        android:smallScreens="true"
17-->src\main\AndroidManifest.xml:4:21-48
18        android:xlargeScreens="true" />
18-->src\main\AndroidManifest.xml:4:106-134
19
20    <uses-feature android:glEsVersion="0x00020000" />
20-->[:unityLibrary] AndroidManifest.xml:13:5-54
20-->[:unityLibrary] AndroidManifest.xml:13:19-51
21
22    <uses-permission android:name="android.permission.INTERNET" />
22-->[:unityLibrary] AndroidManifest.xml:15:5-67
22-->[:unityLibrary] AndroidManifest.xml:15:22-64
23
24    <uses-feature
24-->[:unityLibrary] AndroidManifest.xml:17:5-19:36
25        android:name="android.hardware.touchscreen"
25-->[:unityLibrary] AndroidManifest.xml:18:9-52
26        android:required="false" />
26-->[:unityLibrary] AndroidManifest.xml:19:9-33
27    <uses-feature
27-->[:unityLibrary] AndroidManifest.xml:20:5-22:36
28        android:name="android.hardware.touchscreen.multitouch"
28-->[:unityLibrary] AndroidManifest.xml:21:9-63
29        android:required="false" />
29-->[:unityLibrary] AndroidManifest.xml:22:9-33
30    <uses-feature
30-->[:unityLibrary] AndroidManifest.xml:23:5-25:36
31        android:name="android.hardware.touchscreen.multitouch.distinct"
31-->[:unityLibrary] AndroidManifest.xml:24:9-72
32        android:required="false" />
32-->[:unityLibrary] AndroidManifest.xml:25:9-33
33
34    <uses-permission android:name="android.permission.WAKE_LOCK" />
34-->[:androidx.work.work-runtime-2.7.0:] AndroidManifest.xml:19:3-66
34-->[:androidx.work.work-runtime-2.7.0:] AndroidManifest.xml:19:20-63
35    <uses-permission android:name="android.permission.ACCESS_NETWORK_STATE" />
35-->[:androidx.work.work-runtime-2.7.0:] AndroidManifest.xml:20:3-77
35-->[:androidx.work.work-runtime-2.7.0:] AndroidManifest.xml:20:20-74
36    <uses-permission android:name="android.permission.RECEIVE_BOOT_COMPLETED" />
36-->[:androidx.work.work-runtime-2.7.0:] AndroidManifest.xml:21:3-79
36-->[:androidx.work.work-runtime-2.7.0:] AndroidManifest.xml:21:20-76
37    <uses-permission android:name="android.permission.FOREGROUND_SERVICE" />
37-->[:androidx.work.work-runtime-2.7.0:] AndroidManifest.xml:22:3-75
37-->[:androidx.work.work-runtime-2.7.0:] AndroidManifest.xml:22:20-72
38    <uses-permission android:name="com.google.android.gms.permission.AD_ID" /> <!-- Android package visibility setting -->
38-->[:com.google.android.gms.play-services-ads-lite-20.6.0:] AndroidManifest.xml:22:3-77
38-->[:com.google.android.gms.play-services-ads-lite-20.6.0:] AndroidManifest.xml:22:20-74
39    <queries>
39-->[:com.google.android.gms.play-services-ads-lite-20.6.0:] AndroidManifest.xml:24:3-37:13
40
41        <!-- For browser content -->
42        <intent>
42-->[:com.google.android.gms.play-services-ads-lite-20.6.0:] AndroidManifest.xml:26:5-30:14
43            <action android:name="android.intent.action.VIEW" />
43-->[:com.google.android.gms.play-services-ads-lite-20.6.0:] AndroidManifest.xml:27:7-59
43-->[:com.google.android.gms.play-services-ads-lite-20.6.0:] AndroidManifest.xml:27:15-56
44
45            <category android:name="android.intent.category.BROWSABLE" />
45-->[:com.google.android.gms.play-services-ads-lite-20.6.0:] AndroidManifest.xml:28:7-68
45-->[:com.google.android.gms.play-services-ads-lite-20.6.0:] AndroidManifest.xml:28:17-65
46
47            <data android:scheme="https" />
47-->[:com.google.android.gms.play-services-ads-lite-20.6.0:] AndroidManifest.xml:29:7-38
47-->[:com.google.android.gms.play-services-ads-lite-20.6.0:] AndroidManifest.xml:29:13-35
48        </intent>
49        <!-- End of browser content -->
50        <!-- For CustomTabsService -->
51        <intent>
51-->[:com.google.android.gms.play-services-ads-lite-20.6.0:] AndroidManifest.xml:26:5-30:14
52            <action android:name="android.support.customtabs.action.CustomTabsService" />
53        </intent>
54        <!-- End of CustomTabsService -->
55    </queries> <!-- Required for Nearby Connections -->
56    <uses-permission android:name="android.permission.BLUETOOTH" />
56-->[:unityLibrary:GooglePlayGamesManifest.androidlib] AndroidManifest.xml:16:5-68
56-->[:unityLibrary:GooglePlayGamesManifest.androidlib] AndroidManifest.xml:16:22-65
57    <uses-permission android:name="android.permission.BLUETOOTH_ADMIN" />
57-->[:unityLibrary:GooglePlayGamesManifest.androidlib] AndroidManifest.xml:17:5-74
57-->[:unityLibrary:GooglePlayGamesManifest.androidlib] AndroidManifest.xml:17:22-71
58    <uses-permission android:name="android.permission.ACCESS_WIFI_STATE" />
58-->[:unityLibrary:GooglePlayGamesManifest.androidlib] AndroidManifest.xml:18:5-76
58-->[:unityLibrary:GooglePlayGamesManifest.androidlib] AndroidManifest.xml:18:22-73
59    <uses-permission android:name="android.permission.CHANGE_WIFI_STATE" />
59-->[:unityLibrary:GooglePlayGamesManifest.androidlib] AndroidManifest.xml:19:5-76
59-->[:unityLibrary:GooglePlayGamesManifest.androidlib] AndroidManifest.xml:19:22-73
60    <uses-permission android:name="android.permission.ACCESS_COARSE_LOCATION" />
60-->[:unityLibrary:GooglePlayGamesManifest.androidlib] AndroidManifest.xml:20:5-81
60-->[:unityLibrary:GooglePlayGamesManifest.androidlib] AndroidManifest.xml:20:22-78
61
62    <application
62-->src\main\AndroidManifest.xml:5:3-116
63        android:appComponentFactory="androidx.core.app.CoreComponentFactory"
63-->[:androidx.core.core-1.6.0:] AndroidManifest.xml:24:18-86
64        android:extractNativeLibs="true"
64-->src\main\AndroidManifest.xml:5:16-48
65        android:icon="@mipmap/app_icon"
65-->src\main\AndroidManifest.xml:5:82-113
66        android:label="@string/app_name" >
66-->src\main\AndroidManifest.xml:5:49-81
67        <activity
67-->[:unityLibrary] AndroidManifest.xml:28:9-48:20
68            android:name="com.unity3d.player.UnityPlayerActivity"
68-->[:unityLibrary] AndroidManifest.xml:29:13-66
69            android:configChanges="mcc|mnc|locale|touchscreen|keyboard|keyboardHidden|navigation|orientation|screenLayout|uiMode|screenSize|smallestScreenSize|fontScale|layoutDirection|density"
69-->[:unityLibrary] AndroidManifest.xml:30:13-194
70            android:hardwareAccelerated="false"
70-->[:unityLibrary] AndroidManifest.xml:31:13-48
71            android:launchMode="singleTask"
71-->[:unityLibrary] AndroidManifest.xml:32:13-44
72            android:resizeableActivity="false"
72-->[:unityLibrary] AndroidManifest.xml:33:13-47
73            android:screenOrientation="fullSensor"
73-->[:unityLibrary] AndroidManifest.xml:34:13-51
74            android:theme="@style/UnityThemeSelector" >
74-->[:unityLibrary] AndroidManifest.xml:35:13-54
75            <intent-filter>
75-->[:unityLibrary] AndroidManifest.xml:36:13-40:29
76                <action android:name="android.intent.action.MAIN" />
76-->[:unityLibrary] AndroidManifest.xml:37:17-69
76-->[:unityLibrary] AndroidManifest.xml:37:25-66
77
78                <category android:name="android.intent.category.LAUNCHER" />
78-->[:unityLibrary] AndroidManifest.xml:39:17-77
78-->[:unityLibrary] AndroidManifest.xml:39:27-74
79            </intent-filter>
80
81            <meta-data
81-->[:unityLibrary] AndroidManifest.xml:42:13-44:40
82                android:name="unityplayer.UnityActivity"
82-->[:unityLibrary] AndroidManifest.xml:43:17-57
83                android:value="true" />
83-->[:unityLibrary] AndroidManifest.xml:44:17-37
84            <meta-data
84-->[:unityLibrary] AndroidManifest.xml:45:13-47:40
85                android:name="android.notch_support"
85-->[:unityLibrary] AndroidManifest.xml:46:17-53
86                android:value="true" />
86-->[:unityLibrary] AndroidManifest.xml:47:17-37
87        </activity>
88
89        <meta-data
89-->[:unityLibrary] AndroidManifest.xml:50:9-52:33
90            android:name="unity.splash-mode"
90-->[:unityLibrary] AndroidManifest.xml:51:13-45
91            android:value="0" />
91-->[:unityLibrary] AndroidManifest.xml:52:13-30
92        <meta-data
92-->[:unityLibrary] AndroidManifest.xml:53:9-55:36
93            android:name="unity.splash-enable"
93-->[:unityLibrary] AndroidManifest.xml:54:13-47
94            android:value="True" />
94-->[:unityLibrary] AndroidManifest.xml:55:13-33
95        <meta-data
95-->[:unityLibrary] AndroidManifest.xml:56:9-58:37
96            android:name="unity.allow-resizable-window"
96-->[:unityLibrary] AndroidManifest.xml:57:13-56
97            android:value="False" />
97-->[:unityLibrary] AndroidManifest.xml:58:13-34
98        <meta-data
98-->[:unityLibrary] AndroidManifest.xml:59:9-61:50
99            android:name="notch.config"
99-->[:unityLibrary] AndroidManifest.xml:60:13-40
100            android:value="portrait|landscape" />
100-->[:unityLibrary] AndroidManifest.xml:61:13-47
101        <meta-data
101-->[:unityLibrary] AndroidManifest.xml:62:9-64:68
102            android:name="unity.build-id"
102-->[:unityLibrary] AndroidManifest.xml:63:13-42
103            android:value="834792d7-3d1d-47c9-b61c-a520669672b3" />
103-->[:unityLibrary] AndroidManifest.xml:64:13-65
104
105        <service
105-->[:androidx.room.room-runtime-2.2.5:] AndroidManifest.xml:25:9-28:40
106            android:name="androidx.room.MultiInstanceInvalidationService"
106-->[:androidx.room.room-runtime-2.2.5:] AndroidManifest.xml:26:13-74
107            android:directBootAware="true"
107-->[:androidx.room.room-runtime-2.2.5:] AndroidManifest.xml:27:13-43
108            android:exported="false" />
108-->[:androidx.room.room-runtime-2.2.5:] AndroidManifest.xml:28:13-37
109
110        <provider
110-->[:androidx.startup.startup-runtime-1.0.0:] AndroidManifest.xml:20:5-175
111            android:name="androidx.startup.InitializationProvider"
111-->[:androidx.startup.startup-runtime-1.0.0:] AndroidManifest.xml:20:15-69
112            android:authorities="com.Boxjump.Boxjump.androidx-startup"
112-->[:androidx.startup.startup-runtime-1.0.0:] AndroidManifest.xml:20:70-128
113            android:exported="false" >
113-->[:androidx.startup.startup-runtime-1.0.0:] AndroidManifest.xml:20:129-153
114            <meta-data
114-->[:androidx.work.work-runtime-2.7.0:] AndroidManifest.xml:25:7-105
115                android:name="androidx.work.WorkManagerInitializer"
115-->[:androidx.work.work-runtime-2.7.0:] AndroidManifest.xml:25:18-69
116                android:value="androidx.startup" />
116-->[:androidx.work.work-runtime-2.7.0:] AndroidManifest.xml:25:70-102
117        </provider>
118
119        <service
119-->[:androidx.work.work-runtime-2.7.0:] AndroidManifest.xml:27:5-229
120            android:name="androidx.work.impl.background.systemalarm.SystemAlarmService"
120-->[:androidx.work.work-runtime-2.7.0:] AndroidManifest.xml:27:14-89
121            android:directBootAware="false"
121-->[:androidx.work.work-runtime-2.7.0:] AndroidManifest.xml:27:90-121
122            android:enabled="@bool/enable_system_alarm_service_default"
122-->[:androidx.work.work-runtime-2.7.0:] AndroidManifest.xml:27:122-181
123            android:exported="false" />
123-->[:androidx.work.work-runtime-2.7.0:] AndroidManifest.xml:27:182-206
124        <service
124-->[:androidx.work.work-runtime-2.7.0:] AndroidManifest.xml:28:5-279
125            android:name="androidx.work.impl.background.systemjob.SystemJobService"
125-->[:androidx.work.work-runtime-2.7.0:] AndroidManifest.xml:28:14-85
126            android:directBootAware="false"
126-->[:androidx.work.work-runtime-2.7.0:] AndroidManifest.xml:28:86-117
127            android:enabled="@bool/enable_system_job_service_default"
127-->[:androidx.work.work-runtime-2.7.0:] AndroidManifest.xml:28:118-175
128            android:exported="true"
128-->[:androidx.work.work-runtime-2.7.0:] AndroidManifest.xml:28:176-199
129            android:permission="android.permission.BIND_JOB_SERVICE" />
129-->[:androidx.work.work-runtime-2.7.0:] AndroidManifest.xml:28:200-256
130        <service
130-->[:androidx.work.work-runtime-2.7.0:] AndroidManifest.xml:29:5-227
131            android:name="androidx.work.impl.foreground.SystemForegroundService"
131-->[:androidx.work.work-runtime-2.7.0:] AndroidManifest.xml:29:14-82
132            android:directBootAware="false"
132-->[:androidx.work.work-runtime-2.7.0:] AndroidManifest.xml:29:83-114
133            android:enabled="@bool/enable_system_foreground_service_default"
133-->[:androidx.work.work-runtime-2.7.0:] AndroidManifest.xml:29:115-179
134            android:exported="false" />
134-->[:androidx.work.work-runtime-2.7.0:] AndroidManifest.xml:29:180-204
135
136        <receiver
136-->[:androidx.work.work-runtime-2.7.0:] AndroidManifest.xml:30:5-193
137            android:name="androidx.work.impl.utils.ForceStopRunnable$BroadcastReceiver"
137-->[:androidx.work.work-runtime-2.7.0:] AndroidManifest.xml:30:15-90
138            android:directBootAware="false"
138-->[:androidx.work.work-runtime-2.7.0:] AndroidManifest.xml:30:91-122
139            android:enabled="true"
139-->[:androidx.work.work-runtime-2.7.0:] AndroidManifest.xml:30:123-145
140            android:exported="false" />
140-->[:androidx.work.work-runtime-2.7.0:] AndroidManifest.xml:30:146-170
141        <receiver
141-->[:androidx.work.work-runtime-2.7.0:] AndroidManifest.xml:31:5-36:16
142            android:name="androidx.work.impl.background.systemalarm.ConstraintProxy$BatteryChargingProxy"
142-->[:androidx.work.work-runtime-2.7.0:] AndroidManifest.xml:31:15-108
143            android:directBootAware="false"
143-->[:androidx.work.work-runtime-2.7.0:] AndroidManifest.xml:31:109-140
144            android:enabled="false"
144-->[:androidx.work.work-runtime-2.7.0:] AndroidManifest.xml:31:141-164
145            android:exported="false" >
145-->[:androidx.work.work-runtime-2.7.0:] AndroidManifest.xml:31:165-189
146            <intent-filter>
146-->[:androidx.work.work-runtime-2.7.0:] AndroidManifest.xml:32:7-35:23
147                <action android:name="android.intent.action.ACTION_POWER_CONNECTED" />
147-->[:androidx.work.work-runtime-2.7.0:] AndroidManifest.xml:33:9-79
147-->[:androidx.work.work-runtime-2.7.0:] AndroidManifest.xml:33:17-76
148                <action android:name="android.intent.action.ACTION_POWER_DISCONNECTED" />
148-->[:androidx.work.work-runtime-2.7.0:] AndroidManifest.xml:34:9-82
148-->[:androidx.work.work-runtime-2.7.0:] AndroidManifest.xml:34:17-79
149            </intent-filter>
150        </receiver>
151        <receiver
151-->[:androidx.work.work-runtime-2.7.0:] AndroidManifest.xml:37:5-42:16
152            android:name="androidx.work.impl.background.systemalarm.ConstraintProxy$BatteryNotLowProxy"
152-->[:androidx.work.work-runtime-2.7.0:] AndroidManifest.xml:37:15-106
153            android:directBootAware="false"
153-->[:androidx.work.work-runtime-2.7.0:] AndroidManifest.xml:37:107-138
154            android:enabled="false"
154-->[:androidx.work.work-runtime-2.7.0:] AndroidManifest.xml:37:139-162
155            android:exported="false" >
155-->[:androidx.work.work-runtime-2.7.0:] AndroidManifest.xml:37:163-187
156            <intent-filter>
156-->[:androidx.work.work-runtime-2.7.0:] AndroidManifest.xml:38:7-41:23
157                <action android:name="android.intent.action.BATTERY_OKAY" />
157-->[:androidx.work.work-runtime-2.7.0:] AndroidManifest.xml:39:9-69
157-->[:androidx.work.work-runtime-2.7.0:] AndroidManifest.xml:39:17-66
158                <action android:name="android.intent.action.BATTERY_LOW" />
158-->[:androidx.work.work-runtime-2.7.0:] AndroidManifest.xml:40:9-68
158-->[:androidx.work.work-runtime-2.7.0:] AndroidManifest.xml:40:17-65
159            </intent-filter>
160        </receiver>
161        <receiver
161-->[:androidx.work.work-runtime-2.7.0:] AndroidManifest.xml:43:5-48:16
162            android:name="androidx.work.impl.background.systemalarm.ConstraintProxy$StorageNotLowProxy"
162-->[:androidx.work.work-runtime-2.7.0:] AndroidManifest.xml:43:15-106
163            android:directBootAware="false"
163-->[:androidx.work.work-runtime-2.7.0:] AndroidManifest.xml:43:107-138
164            android:enabled="false"
164-->[:androidx.work.work-runtime-2.7.0:] AndroidManifest.xml:43:139-162
165            android:exported="false" >
165-->[:androidx.work.work-runtime-2.7.0:] AndroidManifest.xml:43:163-187
166            <intent-filter>
166-->[:androidx.work.work-runtime-2.7.0:] AndroidManifest.xml:44:7-47:23
167                <action android:name="android.intent.action.DEVICE_STORAGE_LOW" />
167-->[:androidx.work.work-runtime-2.7.0:] AndroidManifest.xml:45:9-75
167-->[:androidx.work.work-runtime-2.7.0:] AndroidManifest.xml:45:17-72
168                <action android:name="android.intent.action.DEVICE_STORAGE_OK" />
168-->[:androidx.work.work-runtime-2.7.0:] AndroidManifest.xml:46:9-74
168-->[:androidx.work.work-runtime-2.7.0:] AndroidManifest.xml:46:17-71
169            </intent-filter>
170        </receiver>
171        <receiver
171-->[:androidx.work.work-runtime-2.7.0:] AndroidManifest.xml:49:5-53:16
172            android:name="androidx.work.impl.background.systemalarm.ConstraintProxy$NetworkStateProxy"
172-->[:androidx.work.work-runtime-2.7.0:] AndroidManifest.xml:49:15-105
173            android:directBootAware="false"
173-->[:androidx.work.work-runtime-2.7.0:] AndroidManifest.xml:49:106-137
174            android:enabled="false"
174-->[:androidx.work.work-runtime-2.7.0:] AndroidManifest.xml:49:138-161
175            android:exported="false" >
175-->[:androidx.work.work-runtime-2.7.0:] AndroidManifest.xml:49:162-186
176            <intent-filter>
176-->[:androidx.work.work-runtime-2.7.0:] AndroidManifest.xml:50:7-52:23
177                <action android:name="android.net.conn.CONNECTIVITY_CHANGE" />
177-->[:androidx.work.work-runtime-2.7.0:] AndroidManifest.xml:51:9-71
177-->[:androidx.work.work-runtime-2.7.0:] AndroidManifest.xml:51:17-68
178            </intent-filter>
179        </receiver>
180        <receiver
180-->[:androidx.work.work-runtime-2.7.0:] AndroidManifest.xml:54:5-60:16
181            android:name="androidx.work.impl.background.systemalarm.RescheduleReceiver"
181-->[:androidx.work.work-runtime-2.7.0:] AndroidManifest.xml:54:15-90
182            android:directBootAware="false"
182-->[:androidx.work.work-runtime-2.7.0:] AndroidManifest.xml:54:91-122
183            android:enabled="false"
183-->[:androidx.work.work-runtime-2.7.0:] AndroidManifest.xml:54:123-146
184            android:exported="false" >
184-->[:androidx.work.work-runtime-2.7.0:] AndroidManifest.xml:54:147-171
185            <intent-filter>
185-->[:androidx.work.work-runtime-2.7.0:] AndroidManifest.xml:55:7-59:23
186                <action android:name="android.intent.action.BOOT_COMPLETED" />
186-->[:androidx.work.work-runtime-2.7.0:] AndroidManifest.xml:56:9-71
186-->[:androidx.work.work-runtime-2.7.0:] AndroidManifest.xml:56:17-68
187                <action android:name="android.intent.action.TIME_SET" />
187-->[:androidx.work.work-runtime-2.7.0:] AndroidManifest.xml:57:9-65
187-->[:androidx.work.work-runtime-2.7.0:] AndroidManifest.xml:57:17-62
188                <action android:name="android.intent.action.TIMEZONE_CHANGED" />
188-->[:androidx.work.work-runtime-2.7.0:] AndroidManifest.xml:58:9-73
188-->[:androidx.work.work-runtime-2.7.0:] AndroidManifest.xml:58:17-70
189            </intent-filter>
190        </receiver>
191        <receiver
191-->[:androidx.work.work-runtime-2.7.0:] AndroidManifest.xml:61:5-65:16
192            android:name="androidx.work.impl.background.systemalarm.ConstraintProxyUpdateReceiver"
192-->[:androidx.work.work-runtime-2.7.0:] AndroidManifest.xml:61:15-101
193            android:directBootAware="false"
193-->[:androidx.work.work-runtime-2.7.0:] AndroidManifest.xml:61:102-133
194            android:enabled="@bool/enable_system_alarm_service_default"
194-->[:androidx.work.work-runtime-2.7.0:] AndroidManifest.xml:61:134-193
195            android:exported="false" >
195-->[:androidx.work.work-runtime-2.7.0:] AndroidManifest.xml:61:194-218
196            <intent-filter>
196-->[:androidx.work.work-runtime-2.7.0:] AndroidManifest.xml:62:7-64:23
197                <action android:name="androidx.work.impl.background.systemalarm.UpdateProxies" />
197-->[:androidx.work.work-runtime-2.7.0:] AndroidManifest.xml:63:9-90
197-->[:androidx.work.work-runtime-2.7.0:] AndroidManifest.xml:63:17-87
198            </intent-filter>
199        </receiver>
200        <receiver
200-->[:androidx.work.work-runtime-2.7.0:] AndroidManifest.xml:66:5-70:16
201            android:name="androidx.work.impl.diagnostics.DiagnosticsReceiver"
201-->[:androidx.work.work-runtime-2.7.0:] AndroidManifest.xml:66:15-80
202            android:directBootAware="false"
202-->[:androidx.work.work-runtime-2.7.0:] AndroidManifest.xml:66:81-112
203            android:enabled="true"
203-->[:androidx.work.work-runtime-2.7.0:] AndroidManifest.xml:66:113-135
204            android:exported="true"
204-->[:androidx.work.work-runtime-2.7.0:] AndroidManifest.xml:66:136-159
205            android:permission="android.permission.DUMP" >
205-->[:androidx.work.work-runtime-2.7.0:] AndroidManifest.xml:66:160-204
206            <intent-filter>
206-->[:androidx.work.work-runtime-2.7.0:] AndroidManifest.xml:67:7-69:23
207                <action android:name="androidx.work.diagnostics.REQUEST_DIAGNOSTICS" />
207-->[:androidx.work.work-runtime-2.7.0:] AndroidManifest.xml:68:9-80
207-->[:androidx.work.work-runtime-2.7.0:] AndroidManifest.xml:68:17-77
208            </intent-filter>
209        </receiver> <!-- Include the AdActivity and InAppPurchaseActivity configChanges and themes. -->
210        <activity
210-->[:com.google.android.gms.play-services-ads-lite-20.6.0:] AndroidManifest.xml:40:5-254
211            android:name="com.google.android.gms.ads.AdActivity"
211-->[:com.google.android.gms.play-services-ads-lite-20.6.0:] AndroidManifest.xml:40:15-67
212            android:configChanges="keyboard|keyboardHidden|orientation|screenLayout|uiMode|screenSize|smallestScreenSize"
212-->[:com.google.android.gms.play-services-ads-lite-20.6.0:] AndroidManifest.xml:40:68-177
213            android:exported="false"
213-->[:com.google.android.gms.play-services-ads-lite-20.6.0:] AndroidManifest.xml:40:178-202
214            android:theme="@android:style/Theme.Translucent" />
214-->[:com.google.android.gms.play-services-ads-lite-20.6.0:] AndroidManifest.xml:40:203-251
215
216        <provider
216-->[:com.google.android.gms.play-services-ads-lite-20.6.0:] AndroidManifest.xml:41:5-194
217            android:name="com.google.android.gms.ads.MobileAdsInitProvider"
217-->[:com.google.android.gms.play-services-ads-lite-20.6.0:] AndroidManifest.xml:41:15-78
218            android:authorities="com.Boxjump.Boxjump.mobileadsinitprovider"
218-->[:com.google.android.gms.play-services-ads-lite-20.6.0:] AndroidManifest.xml:41:79-142
219            android:exported="false"
219-->[:com.google.android.gms.play-services-ads-lite-20.6.0:] AndroidManifest.xml:41:143-167
220            android:initOrder="100" />
220-->[:com.google.android.gms.play-services-ads-lite-20.6.0:] AndroidManifest.xml:41:168-191
221
222        <service
222-->[:com.google.android.gms.play-services-ads-lite-20.6.0:] AndroidManifest.xml:42:5-116
223            android:name="com.google.android.gms.ads.AdService"
223-->[:com.google.android.gms.play-services-ads-lite-20.6.0:] AndroidManifest.xml:42:14-65
224            android:enabled="true"
224-->[:com.google.android.gms.play-services-ads-lite-20.6.0:] AndroidManifest.xml:42:66-88
225            android:exported="false" />
225-->[:com.google.android.gms.play-services-ads-lite-20.6.0:] AndroidManifest.xml:42:89-113
226
227        <activity
227-->[:com.google.android.gms.play-services-base-18.0.1:] AndroidManifest.xml:20:9-22:45
228            android:name="com.google.android.gms.common.api.GoogleApiActivity"
228-->[:com.google.android.gms.play-services-base-18.0.1:] AndroidManifest.xml:20:19-85
229            android:exported="false"
229-->[:com.google.android.gms.play-services-base-18.0.1:] AndroidManifest.xml:22:19-43
230            android:theme="@android:style/Theme.Translucent.NoTitleBar" />
230-->[:com.google.android.gms.play-services-base-18.0.1:] AndroidManifest.xml:21:19-78
231
232        <meta-data
232-->[:com.google.android.gms.play-services-basement-18.0.0:] AndroidManifest.xml:21:9-23:69
233            android:name="com.google.android.gms.version"
233-->[:com.google.android.gms.play-services-basement-18.0.0:] AndroidManifest.xml:22:13-58
234            android:value="@integer/google_play_services_version" />
234-->[:com.google.android.gms.play-services-basement-18.0.0:] AndroidManifest.xml:23:13-66
235
236        <provider
236-->[:com.google.android.gms.play-services-games-v2-17.0.0:] AndroidManifest.xml:5:5-204
237            android:name="com.google.android.gms.games.provider.PlayGamesInitProvider"
237-->[:com.google.android.gms.play-services-games-v2-17.0.0:] AndroidManifest.xml:5:15-89
238            android:authorities="com.Boxjump.Boxjump.playgamesinitprovider"
238-->[:com.google.android.gms.play-services-games-v2-17.0.0:] AndroidManifest.xml:5:90-153
239            android:exported="false"
239-->[:com.google.android.gms.play-services-games-v2-17.0.0:] AndroidManifest.xml:5:154-178
240            android:initOrder="99" />
240-->[:com.google.android.gms.play-services-games-v2-17.0.0:] AndroidManifest.xml:5:179-201
241
242        <activity
242-->[:com.google.android.gms.play-services-games-v2-17.0.0:] AndroidManifest.xml:6:5-180
243            android:name="com.google.android.gms.games.internal.v2.resolution.GamesResolutionActivity"
243-->[:com.google.android.gms.play-services-games-v2-17.0.0:] AndroidManifest.xml:6:15-105
244            android:exported="false"
244-->[:com.google.android.gms.play-services-games-v2-17.0.0:] AndroidManifest.xml:6:106-130
245            android:theme="@style/Theme.Games.Transparent" />
245-->[:com.google.android.gms.play-services-games-v2-17.0.0:] AndroidManifest.xml:6:131-177
246
247        <meta-data
247-->[:com.google.android.gms.play-services-games-v2-17.0.0:] AndroidManifest.xml:7:5-117
248            android:name="com.google.android.gms.games.version"
248-->[:com.google.android.gms.play-services-games-v2-17.0.0:] AndroidManifest.xml:7:16-67
249            android:value="@string/play_games_sdk_version" />
249-->[:com.google.android.gms.play-services-games-v2-17.0.0:] AndroidManifest.xml:7:68-114
250
251        <activity
251-->[:com.google.games.gpgs-plugin-support-0.11.01:] AndroidManifest.xml:10:9-18:20
252            android:name="com.google.games.bridge.GenericResolutionActivity"
252-->[:com.google.games.gpgs-plugin-support-0.11.01:] AndroidManifest.xml:11:13-77
253            android:exported="false"
253-->[:com.google.games.gpgs-plugin-support-0.11.01:] AndroidManifest.xml:12:13-37
254            android:label="GenericResolutionActivity"
254-->[:com.google.games.gpgs-plugin-support-0.11.01:] AndroidManifest.xml:13:13-54
255            android:theme="@android:style/Theme.Translucent.NoTitleBar.Fullscreen" >
255-->[:com.google.games.gpgs-plugin-support-0.11.01:] AndroidManifest.xml:14:13-83
256            <meta-data
256-->[:com.google.games.gpgs-plugin-support-0.11.01:] AndroidManifest.xml:15:13-17:40
257                android:name="instantapps.clients.allowed"
257-->[:com.google.games.gpgs-plugin-support-0.11.01:] AndroidManifest.xml:16:17-59
258                android:value="true" />
258-->[:com.google.games.gpgs-plugin-support-0.11.01:] AndroidManifest.xml:17:17-37
259        </activity>
260        <activity
260-->[:UnityAds:] AndroidManifest.xml:14:9-18:74
261            android:name="com.unity3d.services.ads.adunit.AdUnitActivity"
261-->[:UnityAds:] AndroidManifest.xml:15:13-74
262            android:configChanges="fontScale|keyboard|keyboardHidden|locale|mnc|mcc|navigation|orientation|screenLayout|screenSize|smallestScreenSize|uiMode|touchscreen"
262-->[:UnityAds:] AndroidManifest.xml:16:13-170
263            android:hardwareAccelerated="true"
263-->[:UnityAds:] AndroidManifest.xml:17:13-47
264            android:theme="@android:style/Theme.NoTitleBar.Fullscreen" />
264-->[:UnityAds:] AndroidManifest.xml:18:13-71
265        <activity
265-->[:UnityAds:] AndroidManifest.xml:19:9-23:86
266            android:name="com.unity3d.services.ads.adunit.AdUnitTransparentActivity"
266-->[:UnityAds:] AndroidManifest.xml:20:13-85
267            android:configChanges="fontScale|keyboard|keyboardHidden|locale|mnc|mcc|navigation|orientation|screenLayout|screenSize|smallestScreenSize|uiMode|touchscreen"
267-->[:UnityAds:] AndroidManifest.xml:21:13-170
268            android:hardwareAccelerated="true"
268-->[:UnityAds:] AndroidManifest.xml:22:13-47
269            android:theme="@android:style/Theme.Translucent.NoTitleBar.Fullscreen" />
269-->[:UnityAds:] AndroidManifest.xml:23:13-83
270        <activity
270-->[:UnityAds:] AndroidManifest.xml:24:9-28:86
271            android:name="com.unity3d.services.ads.adunit.AdUnitTransparentSoftwareActivity"
271-->[:UnityAds:] AndroidManifest.xml:25:13-93
272            android:configChanges="fontScale|keyboard|keyboardHidden|locale|mnc|mcc|navigation|orientation|screenLayout|screenSize|smallestScreenSize|uiMode|touchscreen"